d:\projekte\windows\dxvk\vs.w64\src\dxgi\src@dxgi@@dxgi@sha\vc141.pdb
d:\projekte\windows\dxvk\vs.w64\src\dxgi\src@dxgi@@dxgi@sha\vc141.idb
d:\projekte\windows\dxvk\vs.w64\src\dxgi\src@dxgi@@dxgi@sha\dxgi_adapter.cpp.obj
d:\projekte\windows\dxvk\vs.w64\src\dxgi\src@dxgi@@dxgi@sha\dxgi_device.cpp.obj
d:\projekte\windows\dxvk\vs.w64\src\dxgi\src@dxgi@@dxgi@sha\dxgi_enums.cpp.obj
d:\projekte\windows\dxvk\vs.w64\src\dxgi\src@dxgi@@dxgi@sha\dxgi_factory.cpp.obj
d:\projekte\windows\dxvk\vs.w64\src\dxgi\src@dxgi@@dxgi@sha\dxgi_format.cpp.obj
d:\projekte\windows\dxvk\vs.w64\src\dxgi\src@dxgi@@dxgi@sha\dxgi_main.cpp.obj
d:\projekte\windows\dxvk\vs.w64\src\dxgi\src@dxgi@@dxgi@sha\dxgi_options.cpp.obj
d:\projekte\windows\dxvk\vs.w64\src\dxgi\src@dxgi@@dxgi@sha\dxgi_output.cpp.obj
d:\projekte\windows\dxvk\vs.w64\src\dxgi\src@dxgi@@dxgi@sha\dxgi_presenter.cpp.obj
d:\projekte\windows\dxvk\vs.w64\src\dxgi\src@dxgi@@dxgi@sha\dxgi_swapchain.cpp.obj
d:\projekte\windows\dxvk\vs.w64\src\dxgi\src@dxgi@@dxgi@sha\dxgi_presenter_frag.h
d:\projekte\windows\dxvk\vs.w64\src\dxgi\src@dxgi@@dxgi@sha\dxgi_presenter_vert.h
d:\projekte\windows\dxvk\vs.w64\src\dxgi\src@dxgi@@dxgi@sha\dxgi.tlog\cl.command.1.tlog
d:\projekte\windows\dxvk\vs.w64\src\dxgi\src@dxgi@@dxgi@sha\dxgi.tlog\cl.read.1.tlog
d:\projekte\windows\dxvk\vs.w64\src\dxgi\src@dxgi@@dxgi@sha\dxgi.tlog\cl.write.1.tlog
d:\projekte\windows\dxvk\vs.w64\src\dxgi\src@dxgi@@dxgi@sha\dxgi.tlog\custombuild.command.1.tlog
d:\projekte\windows\dxvk\vs.w64\src\dxgi\src@dxgi@@dxgi@sha\dxgi.tlog\custombuild.read.1.tlog
d:\projekte\windows\dxvk\vs.w64\src\dxgi\src@dxgi@@dxgi@sha\dxgi.tlog\custombuild.write.1.tlog
d:\projekte\windows\dxvk\vs.w64\src\dxgi\src@dxgi@@dxgi@sha\dxgi.tlog\link.command.1.tlog
d:\projekte\windows\dxvk\vs.w64\src\dxgi\src@dxgi@@dxgi@sha\dxgi.tlog\link.read.1.tlog
d:\projekte\windows\dxvk\vs.w64\src\dxgi\src@dxgi@@dxgi@sha\dxgi.tlog\link.write.1.tlog
