d:\projekte\windows\dxvk\vs.w64\src\d3d11\src@d3d11@@d3d11@sha\vc141.pdb
d:\projekte\windows\dxvk\vs.w64\src\d3d11\src@d3d11@@d3d11@sha\vc141.idb
d:\projekte\windows\dxvk\vs.w64\src\d3d11\src@d3d11@@d3d11@sha\d3d11_blend.cpp.obj
d:\projekte\windows\dxvk\vs.w64\src\d3d11\src@d3d11@@d3d11@sha\d3d11_buffer.cpp.obj
d:\projekte\windows\dxvk\vs.w64\src\d3d11\src@d3d11@@d3d11@sha\d3d11_class_linkage.cpp.obj
d:\projekte\windows\dxvk\vs.w64\src\d3d11\src@d3d11@@d3d11@sha\d3d11_cmdlist.cpp.obj
d:\projekte\windows\dxvk\vs.w64\src\d3d11\src@d3d11@@d3d11@sha\d3d11_context.cpp.obj
d:\projekte\windows\dxvk\vs.w64\src\d3d11\src@d3d11@@d3d11@sha\d3d11_context_def.cpp.obj
d:\projekte\windows\dxvk\vs.w64\src\d3d11\src@d3d11@@d3d11@sha\d3d11_context_imm.cpp.obj
d:\projekte\windows\dxvk\vs.w64\src\d3d11\src@d3d11@@d3d11@sha\d3d11_depth_stencil.cpp.obj
d:\projekte\windows\dxvk\vs.w64\src\d3d11\src@d3d11@@d3d11@sha\d3d11_device.cpp.obj
d:\projekte\windows\dxvk\vs.w64\src\d3d11\src@d3d11@@d3d11@sha\d3d11_enums.cpp.obj
d:\projekte\windows\dxvk\vs.w64\src\d3d11\src@d3d11@@d3d11@sha\d3d11_input_layout.cpp.obj
d:\projekte\windows\dxvk\vs.w64\src\d3d11\src@d3d11@@d3d11@sha\d3d11_interop.cpp.obj
d:\projekte\windows\dxvk\vs.w64\src\d3d11\src@d3d11@@d3d11@sha\d3d11_main.cpp.obj
d:\projekte\windows\dxvk\vs.w64\src\d3d11\src@d3d11@@d3d11@sha\d3d11_options.cpp.obj
d:\projekte\windows\dxvk\vs.w64\src\d3d11\src@d3d11@@d3d11@sha\d3d11_present.cpp.obj
d:\projekte\windows\dxvk\vs.w64\src\d3d11\src@d3d11@@d3d11@sha\d3d11_query.cpp.obj
d:\projekte\windows\dxvk\vs.w64\src\d3d11\src@d3d11@@d3d11@sha\d3d11_rasterizer.cpp.obj
d:\projekte\windows\dxvk\vs.w64\src\d3d11\src@d3d11@@d3d11@sha\d3d11_sampler.cpp.obj
d:\projekte\windows\dxvk\vs.w64\src\d3d11\src@d3d11@@d3d11@sha\d3d11_shader.cpp.obj
d:\projekte\windows\dxvk\vs.w64\src\d3d11\src@d3d11@@d3d11@sha\d3d11_state.cpp.obj
d:\projekte\windows\dxvk\vs.w64\src\d3d11\src@d3d11@@d3d11@sha\d3d11_texture.cpp.obj
d:\projekte\windows\dxvk\vs.w64\src\d3d11\src@d3d11@@d3d11@sha\d3d11_util.cpp.obj
d:\projekte\windows\dxvk\vs.w64\src\d3d11\src@d3d11@@d3d11@sha\d3d11_view_dsv.cpp.obj
d:\projekte\windows\dxvk\vs.w64\src\d3d11\src@d3d11@@d3d11@sha\d3d11_view_rtv.cpp.obj
d:\projekte\windows\dxvk\vs.w64\src\d3d11\src@d3d11@@d3d11@sha\d3d11_view_srv.cpp.obj
d:\projekte\windows\dxvk\vs.w64\src\d3d11\src@d3d11@@d3d11@sha\d3d11_view_uav.cpp.obj
d:\projekte\windows\dxvk\vs.w64\src\d3d11\src@d3d11@@d3d11@sha\d3d11.tlog\cl.command.1.tlog
d:\projekte\windows\dxvk\vs.w64\src\d3d11\src@d3d11@@d3d11@sha\d3d11.tlog\cl.read.1.tlog
d:\projekte\windows\dxvk\vs.w64\src\d3d11\src@d3d11@@d3d11@sha\d3d11.tlog\cl.write.1.tlog
d:\projekte\windows\dxvk\vs.w64\src\d3d11\src@d3d11@@d3d11@sha\d3d11.tlog\link.command.1.tlog
d:\projekte\windows\dxvk\vs.w64\src\d3d11\src@d3d11@@d3d11@sha\d3d11.tlog\link.read.1.tlog
d:\projekte\windows\dxvk\vs.w64\src\d3d11\src@d3d11@@d3d11@sha\d3d11.tlog\link.write.1.tlog
