  d3d11_blend.cpp
d:\projekte\windows\dxvk\src\dxgi\dxgi_interfaces.h(203): warning C4099: "IDXGIVkInteropDevice": Geben Sie den zuerst unter Verwendung von "class" und jetzt unter Verwendung von "struct" gesehenen Namen ein
  d:\projekte\windows\dxvk\src\dxgi\dxgi_interfaces.h(203): note: Siehe Deklaration von "IDXGIVkInteropDevice"
  d3d11_buffer.cpp
d:\projekte\windows\dxvk\src\dxgi\dxgi_interfaces.h(203): warning C4099: "IDXGIVkInteropDevice": Geben Sie den zuerst unter Verwendung von "class" und jetzt unter Verwendung von "struct" gesehenen Namen ein
  d:\projekte\windows\dxvk\src\dxgi\dxgi_interfaces.h(203): note: Siehe Deklaration von "IDXGIVkInteropDevice"
  d3d11_class_linkage.cpp
d:\projekte\windows\dxvk\src\dxgi\dxgi_interfaces.h(203): warning C4099: "IDXGIVkInteropDevice": Geben Sie den zuerst unter Verwendung von "class" und jetzt unter Verwendung von "struct" gesehenen Namen ein
  d:\projekte\windows\dxvk\src\dxgi\dxgi_interfaces.h(203): note: Siehe Deklaration von "IDXGIVkInteropDevice"
  d3d11_cmdlist.cpp
d:\projekte\windows\dxvk\src\dxgi\dxgi_interfaces.h(203): warning C4099: "IDXGIVkInteropDevice": Geben Sie den zuerst unter Verwendung von "class" und jetzt unter Verwendung von "struct" gesehenen Namen ein
  d:\projekte\windows\dxvk\src\dxgi\dxgi_interfaces.h(203): note: Siehe Deklaration von "IDXGIVkInteropDevice"
  d3d11_context.cpp
d:\projekte\windows\dxvk\src\dxgi\dxgi_interfaces.h(203): warning C4099: "IDXGIVkInteropDevice": Geben Sie den zuerst unter Verwendung von "class" und jetzt unter Verwendung von "struct" gesehenen Namen ein
  d:\projekte\windows\dxvk\src\dxgi\dxgi_interfaces.h(203): note: Siehe Deklaration von "IDXGIVkInteropDevice"
  d3d11_context_def.cpp
d:\projekte\windows\dxvk\src\dxgi\dxgi_interfaces.h(203): warning C4099: "IDXGIVkInteropDevice": Geben Sie den zuerst unter Verwendung von "class" und jetzt unter Verwendung von "struct" gesehenen Namen ein
  d:\projekte\windows\dxvk\src\dxgi\dxgi_interfaces.h(203): note: Siehe Deklaration von "IDXGIVkInteropDevice"
  d3d11_context_imm.cpp
d:\projekte\windows\dxvk\src\dxgi\dxgi_interfaces.h(203): warning C4099: "IDXGIVkInteropDevice": Geben Sie den zuerst unter Verwendung von "class" und jetzt unter Verwendung von "struct" gesehenen Namen ein
  d:\projekte\windows\dxvk\src\dxgi\dxgi_interfaces.h(203): note: Siehe Deklaration von "IDXGIVkInteropDevice"
  d3d11_depth_stencil.cpp
d:\projekte\windows\dxvk\src\dxgi\dxgi_interfaces.h(203): warning C4099: "IDXGIVkInteropDevice": Geben Sie den zuerst unter Verwendung von "class" und jetzt unter Verwendung von "struct" gesehenen Namen ein
  d:\projekte\windows\dxvk\src\dxgi\dxgi_interfaces.h(203): note: Siehe Deklaration von "IDXGIVkInteropDevice"
  d3d11_device.cpp
d:\projekte\windows\dxvk\src\dxgi\dxgi_interfaces.h(203): warning C4099: "IDXGIVkInteropDevice": Geben Sie den zuerst unter Verwendung von "class" und jetzt unter Verwendung von "struct" gesehenen Namen ein
  d:\projekte\windows\dxvk\src\dxgi\dxgi_interfaces.h(203): note: Siehe Deklaration von "IDXGIVkInteropDevice"
  d3d11_enums.cpp
  d3d11_input_layout.cpp
d:\projekte\windows\dxvk\src\dxgi\dxgi_interfaces.h(203): warning C4099: "IDXGIVkInteropDevice": Geben Sie den zuerst unter Verwendung von "class" und jetzt unter Verwendung von "struct" gesehenen Namen ein
  d:\projekte\windows\dxvk\src\dxgi\dxgi_interfaces.h(203): note: Siehe Deklaration von "IDXGIVkInteropDevice"
  d3d11_interop.cpp
d:\projekte\windows\dxvk\src\dxgi\dxgi_interfaces.h(203): warning C4099: "IDXGIVkInteropDevice": Geben Sie den zuerst unter Verwendung von "class" und jetzt unter Verwendung von "struct" gesehenen Namen ein
  d:\projekte\windows\dxvk\src\dxgi\dxgi_interfaces.h(203): note: Siehe Deklaration von "IDXGIVkInteropDevice"
  d3d11_main.cpp
d:\projekte\windows\dxvk\src\dxgi\dxgi_interfaces.h(203): warning C4099: "IDXGIVkInteropDevice": Geben Sie den zuerst unter Verwendung von "class" und jetzt unter Verwendung von "struct" gesehenen Namen ein
  d:\projekte\windows\dxvk\src\dxgi\dxgi_interfaces.h(203): note: Siehe Deklaration von "IDXGIVkInteropDevice"
  d3d11_options.cpp
  d3d11_present.cpp
d:\projekte\windows\dxvk\src\dxgi\dxgi_interfaces.h(203): warning C4099: "IDXGIVkInteropDevice": Geben Sie den zuerst unter Verwendung von "class" und jetzt unter Verwendung von "struct" gesehenen Namen ein
  d:\projekte\windows\dxvk\src\dxgi\dxgi_interfaces.h(203): note: Siehe Deklaration von "IDXGIVkInteropDevice"
  d3d11_query.cpp
d:\projekte\windows\dxvk\src\dxgi\dxgi_interfaces.h(203): warning C4099: "IDXGIVkInteropDevice": Geben Sie den zuerst unter Verwendung von "class" und jetzt unter Verwendung von "struct" gesehenen Namen ein
  d:\projekte\windows\dxvk\src\dxgi\dxgi_interfaces.h(203): note: Siehe Deklaration von "IDXGIVkInteropDevice"
  d3d11_rasterizer.cpp
d:\projekte\windows\dxvk\src\dxgi\dxgi_interfaces.h(203): warning C4099: "IDXGIVkInteropDevice": Geben Sie den zuerst unter Verwendung von "class" und jetzt unter Verwendung von "struct" gesehenen Namen ein
  d:\projekte\windows\dxvk\src\dxgi\dxgi_interfaces.h(203): note: Siehe Deklaration von "IDXGIVkInteropDevice"
  d3d11_sampler.cpp
d:\projekte\windows\dxvk\src\dxgi\dxgi_interfaces.h(203): warning C4099: "IDXGIVkInteropDevice": Geben Sie den zuerst unter Verwendung von "class" und jetzt unter Verwendung von "struct" gesehenen Namen ein
  d:\projekte\windows\dxvk\src\dxgi\dxgi_interfaces.h(203): note: Siehe Deklaration von "IDXGIVkInteropDevice"
  d3d11_shader.cpp
d:\projekte\windows\dxvk\src\dxgi\dxgi_interfaces.h(203): warning C4099: "IDXGIVkInteropDevice": Geben Sie den zuerst unter Verwendung von "class" und jetzt unter Verwendung von "struct" gesehenen Namen ein
  d:\projekte\windows\dxvk\src\dxgi\dxgi_interfaces.h(203): note: Siehe Deklaration von "IDXGIVkInteropDevice"
  d3d11_state.cpp
  d3d11_texture.cpp
d:\projekte\windows\dxvk\src\dxgi\dxgi_interfaces.h(203): warning C4099: "IDXGIVkInteropDevice": Geben Sie den zuerst unter Verwendung von "class" und jetzt unter Verwendung von "struct" gesehenen Namen ein
  d:\projekte\windows\dxvk\src\dxgi\dxgi_interfaces.h(203): note: Siehe Deklaration von "IDXGIVkInteropDevice"
  d3d11_util.cpp
  d3d11_view_dsv.cpp
d:\projekte\windows\dxvk\src\dxgi\dxgi_interfaces.h(203): warning C4099: "IDXGIVkInteropDevice": Geben Sie den zuerst unter Verwendung von "class" und jetzt unter Verwendung von "struct" gesehenen Namen ein
  d:\projekte\windows\dxvk\src\dxgi\dxgi_interfaces.h(203): note: Siehe Deklaration von "IDXGIVkInteropDevice"
  d3d11_view_rtv.cpp
d:\projekte\windows\dxvk\src\dxgi\dxgi_interfaces.h(203): warning C4099: "IDXGIVkInteropDevice": Geben Sie den zuerst unter Verwendung von "class" und jetzt unter Verwendung von "struct" gesehenen Namen ein
  d:\projekte\windows\dxvk\src\dxgi\dxgi_interfaces.h(203): note: Siehe Deklaration von "IDXGIVkInteropDevice"
  d3d11_view_srv.cpp
d:\projekte\windows\dxvk\src\dxgi\dxgi_interfaces.h(203): warning C4099: "IDXGIVkInteropDevice": Geben Sie den zuerst unter Verwendung von "class" und jetzt unter Verwendung von "struct" gesehenen Namen ein
  d:\projekte\windows\dxvk\src\dxgi\dxgi_interfaces.h(203): note: Siehe Deklaration von "IDXGIVkInteropDevice"
  d3d11_view_uav.cpp
d:\projekte\windows\dxvk\src\dxgi\dxgi_interfaces.h(203): warning C4099: "IDXGIVkInteropDevice": Geben Sie den zuerst unter Verwendung von "class" und jetzt unter Verwendung von "struct" gesehenen Namen ein
  d:\projekte\windows\dxvk\src\dxgi\dxgi_interfaces.h(203): note: Siehe Deklaration von "IDXGIVkInteropDevice"
LINK : fatal error LNK1104: Datei "..\..\src\util\libutil.a" kann nicht geöffnet werden.
