d:\projekte\windows\dxvk\vs.w64\src\dxvk\src@dxvk@@dxvk@sta\dxvk.pdb
d:\projekte\windows\dxvk\vs.w64\src\dxvk\src@dxvk@@dxvk@sta\dxvk.idb
d:\projekte\windows\dxvk\vs.w64\src\dxvk\src@dxvk@@dxvk@sta\dxvk_adapter.cpp.obj
d:\projekte\windows\dxvk\vs.w64\src\dxvk\src@dxvk@@dxvk@sta\dxvk_barrier.cpp.obj
d:\projekte\windows\dxvk\vs.w64\src\dxvk\src@dxvk@@dxvk@sta\dxvk_buffer.cpp.obj
d:\projekte\windows\dxvk\vs.w64\src\dxvk\src@dxvk@@dxvk@sta\dxvk_buffer_res.cpp.obj
d:\projekte\windows\dxvk\vs.w64\src\dxvk\src@dxvk@@dxvk@sta\dxvk_cmdlist.cpp.obj
d:\projekte\windows\dxvk\vs.w64\src\dxvk\src@dxvk@@dxvk@sta\dxvk_compute.cpp.obj
d:\projekte\windows\dxvk\vs.w64\src\dxvk\src@dxvk@@dxvk@sta\dxvk_context.cpp.obj
d:\projekte\windows\dxvk\vs.w64\src\dxvk\src@dxvk@@dxvk@sta\dxvk_cs.cpp.obj
d:\projekte\windows\dxvk\vs.w64\src\dxvk\src@dxvk@@dxvk@sta\dxvk_data.cpp.obj
d:\projekte\windows\dxvk\vs.w64\src\dxvk\src@dxvk@@dxvk@sta\dxvk_descriptor.cpp.obj
d:\projekte\windows\dxvk\vs.w64\src\dxvk\src@dxvk@@dxvk@sta\dxvk_device.cpp.obj
d:\projekte\windows\dxvk\vs.w64\src\dxvk\src@dxvk@@dxvk@sta\dxvk_extensions.cpp.obj
d:\projekte\windows\dxvk\vs.w64\src\dxvk\src@dxvk@@dxvk@sta\dxvk_event.cpp.obj
d:\projekte\windows\dxvk\vs.w64\src\dxvk\src@dxvk@@dxvk@sta\dxvk_event_tracker.cpp.obj
d:\projekte\windows\dxvk\vs.w64\src\dxvk\src@dxvk@@dxvk@sta\dxvk_format.cpp.obj
d:\projekte\windows\dxvk\vs.w64\src\dxvk\src@dxvk@@dxvk@sta\dxvk_framebuffer.cpp.obj
d:\projekte\windows\dxvk\vs.w64\src\dxvk\src@dxvk@@dxvk@sta\dxvk_graphics.cpp.obj
d:\projekte\windows\dxvk\vs.w64\src\dxvk\src@dxvk@@dxvk@sta\dxvk_image.cpp.obj
d:\projekte\windows\dxvk\vs.w64\src\dxvk\src@dxvk@@dxvk@sta\dxvk_instance.cpp.obj
d:\projekte\windows\dxvk\vs.w64\src\dxvk\src@dxvk@@dxvk@sta\dxvk_lifetime.cpp.obj
d:\projekte\windows\dxvk\vs.w64\src\dxvk\src@dxvk@@dxvk@sta\dxvk_main.cpp.obj
d:\projekte\windows\dxvk\vs.w64\src\dxvk\src@dxvk@@dxvk@sta\dxvk_memory.cpp.obj
d:\projekte\windows\dxvk\vs.w64\src\dxvk\src@dxvk@@dxvk@sta\dxvk_meta_clear.cpp.obj
d:\projekte\windows\dxvk\vs.w64\src\dxvk\src@dxvk@@dxvk@sta\dxvk_meta_mipgen.cpp.obj
d:\projekte\windows\dxvk\vs.w64\src\dxvk\src@dxvk@@dxvk@sta\dxvk_clear_buffer_u.h
d:\projekte\windows\dxvk\vs.w64\src\dxvk\src@dxvk@@dxvk@sta\dxvk_clear_buffer_f.h
d:\projekte\windows\dxvk\vs.w64\src\dxvk\src@dxvk@@dxvk@sta\dxvk_clear_image1d_u.h
d:\projekte\windows\dxvk\vs.w64\src\dxvk\src@dxvk@@dxvk@sta\dxvk_clear_image1d_f.h
d:\projekte\windows\dxvk\vs.w64\src\dxvk\src@dxvk@@dxvk@sta\dxvk_clear_image1darr_u.h
d:\projekte\windows\dxvk\vs.w64\src\dxvk\src@dxvk@@dxvk@sta\dxvk_clear_image1darr_f.h
d:\projekte\windows\dxvk\vs.w64\src\dxvk\src@dxvk@@dxvk@sta\dxvk_clear_image2d_u.h
d:\projekte\windows\dxvk\vs.w64\src\dxvk\src@dxvk@@dxvk@sta\dxvk_clear_image2d_f.h
d:\projekte\windows\dxvk\vs.w64\src\dxvk\src@dxvk@@dxvk@sta\dxvk_clear_image2darr_u.h
d:\projekte\windows\dxvk\vs.w64\src\dxvk\src@dxvk@@dxvk@sta\dxvk_clear_image2darr_f.h
d:\projekte\windows\dxvk\vs.w64\src\dxvk\src@dxvk@@dxvk@sta\dxvk_clear_image3d_u.h
d:\projekte\windows\dxvk\vs.w64\src\dxvk\src@dxvk@@dxvk@sta\dxvk_clear_image3d_f.h
d:\projekte\windows\dxvk\vs.w64\src\dxvk\src@dxvk@@dxvk@sta\dxvk_mipgen_vert.h
d:\projekte\windows\dxvk\vs.w64\src\dxvk\src@dxvk@@dxvk@sta\dxvk_mipgen_geom.h
d:\projekte\windows\dxvk\vs.w64\src\dxvk\src@dxvk@@dxvk@sta\dxvk_mipgen_frag_1d.h
d:\projekte\windows\dxvk\vs.w64\src\dxvk\src@dxvk@@dxvk@sta\dxvk_mipgen_frag_2d.h
d:\projekte\windows\dxvk\vs.w64\src\dxvk\src@dxvk@@dxvk@sta\dxvk_mipgen_frag_3d.h
d:\projekte\windows\dxvk\vs.w64\src\dxvk\src@dxvk@@dxvk@sta\hud_line.h
d:\projekte\windows\dxvk\vs.w64\src\dxvk\src@dxvk@@dxvk@sta\hud_text.h
d:\projekte\windows\dxvk\vs.w64\src\dxvk\src@dxvk@@dxvk@sta\hud_vert.h
d:\projekte\windows\dxvk\vs.w64\src\dxvk\src@dxvk@@dxvk@sta\dxvk.tlog\cl.command.1.tlog
d:\projekte\windows\dxvk\vs.w64\src\dxvk\src@dxvk@@dxvk@sta\dxvk.tlog\cl.read.1.tlog
d:\projekte\windows\dxvk\vs.w64\src\dxvk\src@dxvk@@dxvk@sta\dxvk.tlog\cl.write.1.tlog
d:\projekte\windows\dxvk\vs.w64\src\dxvk\src@dxvk@@dxvk@sta\dxvk.tlog\custombuild.command.1.tlog
d:\projekte\windows\dxvk\vs.w64\src\dxvk\src@dxvk@@dxvk@sta\dxvk.tlog\custombuild.read.1.tlog
d:\projekte\windows\dxvk\vs.w64\src\dxvk\src@dxvk@@dxvk@sta\dxvk.tlog\custombuild.write.1.tlog
