  Performing Custom Build Tools
  ../../../src/dxvk/shaders/dxvk_clear_buffer_u.comp
  Performing Custom Build Tools
  ../../../src/dxvk/shaders/dxvk_clear_buffer_f.comp
  Performing Custom Build Tools
  ../../../src/dxvk/shaders/dxvk_clear_image1d_u.comp
  Performing Custom Build Tools
  ../../../src/dxvk/shaders/dxvk_clear_image1d_f.comp
  Performing Custom Build Tools
  ../../../src/dxvk/shaders/dxvk_clear_image1darr_u.comp
  Performing Custom Build Tools
  ../../../src/dxvk/shaders/dxvk_clear_image1darr_f.comp
  Performing Custom Build Tools
  ../../../src/dxvk/shaders/dxvk_clear_image2d_u.comp
  Performing Custom Build Tools
  ../../../src/dxvk/shaders/dxvk_clear_image2d_f.comp
  Performing Custom Build Tools
  ../../../src/dxvk/shaders/dxvk_clear_image2darr_u.comp
  Performing Custom Build Tools
  ../../../src/dxvk/shaders/dxvk_clear_image2darr_f.comp
  Performing Custom Build Tools
  ../../../src/dxvk/shaders/dxvk_clear_image3d_u.comp
  Performing Custom Build Tools
  ../../../src/dxvk/shaders/dxvk_clear_image3d_f.comp
  Performing Custom Build Tools
  ../../../src/dxvk/shaders/dxvk_mipgen_vert.vert
  Performing Custom Build Tools
  ../../../src/dxvk/shaders/dxvk_mipgen_geom.geom
  Performing Custom Build Tools
  ../../../src/dxvk/shaders/dxvk_mipgen_frag_1d.frag
  Performing Custom Build Tools
  ../../../src/dxvk/shaders/dxvk_mipgen_frag_2d.frag
  Performing Custom Build Tools
  ../../../src/dxvk/shaders/dxvk_mipgen_frag_3d.frag
  Performing Custom Build Tools
  ../../../src/dxvk/hud/shaders/hud_line.frag
  Performing Custom Build Tools
  ../../../src/dxvk/hud/shaders/hud_text.frag
  Performing Custom Build Tools
  ../../../src/dxvk/hud/shaders/hud_vert.vert
  dxvk_adapter.cpp
  dxvk_barrier.cpp
  dxvk_buffer.cpp
  dxvk_buffer_res.cpp
  dxvk_cmdlist.cpp
  dxvk_compute.cpp
  dxvk_context.cpp
  dxvk_cs.cpp
  dxvk_data.cpp
  dxvk_descriptor.cpp
  dxvk_device.cpp
  dxvk_extensions.cpp
  dxvk_event.cpp
  dxvk_event_tracker.cpp
  dxvk_format.cpp
  dxvk_framebuffer.cpp
  dxvk_graphics.cpp
  dxvk_image.cpp
  dxvk_instance.cpp
  dxvk_lifetime.cpp
  dxvk_main.cpp
  dxvk_memory.cpp
  dxvk_meta_clear.cpp
  dxvk_meta_mipgen.cpp
  dxvk_meta_resolve.cpp
d:\projekte\windows\dxvk\src\dxvk\dxvk_meta_resolve.cpp(3): fatal error C1083: Datei (Include) kann nicht geöffnet werden: "dxvk_resolve_vert.h": No such file or directory
