d:\projekte\windows\dxvk\vs.w64\src\dxbc\src@dxbc@@dxbc@sta\dxbc.pdb
d:\projekte\windows\dxvk\vs.w64\src\dxbc\src@dxbc@@dxbc@sta\dxbc.idb
d:\projekte\windows\dxvk\vs.w64\src\dxbc\src@dxbc@@dxbc@sta\dxbc_analysis.cpp.obj
d:\projekte\windows\dxvk\vs.w64\src\dxbc\src@dxbc@@dxbc@sta\dxbc_chunk_isgn.cpp.obj
d:\projekte\windows\dxvk\vs.w64\src\dxbc\src@dxbc@@dxbc@sta\dxbc_chunk_shex.cpp.obj
d:\projekte\windows\dxvk\vs.w64\src\dxbc\src@dxbc@@dxbc@sta\dxbc_common.cpp.obj
d:\projekte\windows\dxvk\vs.w64\src\dxbc\src@dxbc@@dxbc@sta\dxbc_compiler.cpp.obj
d:\projekte\windows\dxvk\vs.w64\src\dxbc\src@dxbc@@dxbc@sta\dxbc_defs.cpp.obj
d:\projekte\windows\dxvk\vs.w64\src\dxbc\src@dxbc@@dxbc@sta\dxbc_decoder.cpp.obj
d:\projekte\windows\dxvk\vs.w64\src\dxbc\src@dxbc@@dxbc@sta\dxbc_header.cpp.obj
d:\projekte\windows\dxvk\vs.w64\src\dxbc\src@dxbc@@dxbc@sta\dxbc_module.cpp.obj
d:\projekte\windows\dxvk\vs.w64\src\dxbc\src@dxbc@@dxbc@sta\dxbc_names.cpp.obj
d:\projekte\windows\dxvk\vs.w64\src\dxbc\src@dxbc@@dxbc@sta\dxbc_options.cpp.obj
d:\projekte\windows\dxvk\vs.w64\src\dxbc\src@dxbc@@dxbc@sta\dxbc_reader.cpp.obj
d:\projekte\windows\dxvk\vs.w64\src\dxbc\src@dxbc@@dxbc@sta\dxbc_util.cpp.obj
d:\projekte\windows\dxvk\vs.w64\src\dxbc\libdxbc.a
d:\projekte\windows\dxvk\vs.w64\src\dxbc\.\libdxbc.a
d:\projekte\windows\dxvk\vs.w64\src\dxbc\src@dxbc@@dxbc@sta\dxbc.tlog\cl.command.1.tlog
d:\projekte\windows\dxvk\vs.w64\src\dxbc\src@dxbc@@dxbc@sta\dxbc.tlog\cl.read.1.tlog
d:\projekte\windows\dxvk\vs.w64\src\dxbc\src@dxbc@@dxbc@sta\dxbc.tlog\cl.write.1.tlog
d:\projekte\windows\dxvk\vs.w64\src\dxbc\src@dxbc@@dxbc@sta\dxbc.tlog\lib-link.read.1.tlog
d:\projekte\windows\dxvk\vs.w64\src\dxbc\src@dxbc@@dxbc@sta\dxbc.tlog\lib-link.write.1.tlog
d:\projekte\windows\dxvk\vs.w64\src\dxbc\src@dxbc@@dxbc@sta\dxbc.tlog\lib.command.1.tlog
